This is pdfTeX, Version 3.141592653-2.6-1.40.28 (MiKTeX 25.12) (preloaded format=pdflatex 2026.2.20)  20 FEB 2026 04:25
entering extended mode
 restricted \write18 enabled.
 file:line:error style messages enabled.
 %&-line parsing enabled.
**"c:/Users/danig/Documents/ITBA/C2 2025/16.18 - Instrumentación Biomédica II/Stiffio 14-01/Informe Final/Informe_Final_Stiffio.tex"
(c:/Users/danig/Documents/ITBA/C2 2025/16.18 - Instrumentación Biomédica II/Stiffio 14-01/Informe Final/Informe_Final_Stiffio.tex
LaTeX2e <2025-11-01>
L3 programming layer <2025-12-24>
(C:\Users\danig\AppData\Local\Programs\MiKTeX\tex/latex/base\article.cls
Document Class: article 2025/01/22 v1.4n Standard LaTeX document class
(C:\Users\danig\AppData\Local\Programs\MiKTeX\tex/latex/base\size12.clo
File: size12.clo 2025/01/22 v1.4n Standard LaTeX file (size option)
)
\c@part=\count275
\c@section=\count276
\c@subsection=\count277
\c@subsubsection=\count278
\c@paragraph=\count279
\c@subparagraph=\count280
\c@figure=\count281
\c@table=\count282
\abovecaptionskip=\skip49
\belowcaptionskip=\skip50
\bibindent=\dimen148
) (C:\Users\danig\AppData\Local\Programs\MiKTeX\tex/generic/babel\babel.sty
Package: babel 2025/12/11 v25.17 The multilingual framework for LuaLaTeX, pdfLaTeX and XeLaTeX
\babel@savecnt=\count283
LaTeX Encoding Info:    Redeclaring text command \ij (encoding OT1) on input line 2068.
LaTeX Encoding Info:    Redeclaring text command \IJ (encoding OT1) on input line 2070.
LaTeX Encoding Info:    Redeclaring text command \ij (encoding T1) on input line 2072.
LaTeX Encoding Info:    Redeclaring text command \IJ (encoding T1) on input line 2073.
LaTeX Encoding Info:    Ignoring declaration for text command \ij (encoding ?) on input line 2074.
LaTeX Encoding Info:    Ignoring declaration for text command \IJ (encoding ?) on input line 2076.
LaTeX Encoding Info:    Ignoring declaration for text command \SS (encoding ?) on input line 2101.
\U@D=\dimen149
\l@unhyphenated=\language79
 (C:\Users\danig\AppData\Local\Programs\MiKTeX\tex/generic/babel\txtbabel.def)
\bbl@readstream=\read2
\bbl@dirlevel=\count284
Package babel Info: Configuration files are deprecated, as
(babel)             they can break document portability.
(babel)             Reported on input line 4196.

*************************************
* Local config file bblopts.cfg used
*
(C:\Users\danig\AppData\Local\Programs\MiKTeX\tex/latex/arabi\bblopts.cfg
File: bblopts.cfg 2005/09/08 v0.1 add Arabic and Farsi to "declared" options of babel
) (C:\Users\danig\AppData\Local\Programs\MiKTeX\tex/generic/babel/locale/es\babel-spanish.tex)
Package babel Info: Importing font and identification data for spanish
(babel)             from babel-es.ini. Reported on input line 4320.
 (C:\Users\danig\AppData\Local\Programs\MiKTeX\tex/latex/babel-spanish\spanish.ldf
Language: spanish.ldf 2021/05/27 v5.0q Spanish support from the babel system
\es@quottoks=\toks17
\es@quotdepth=\count285
Package babel Info: Making " an active character on input line 570.
Package babel Info: Making . an active character on input line 675.
Package babel Info: Making < an active character on input line 722.
Package babel Info: Making > an active character on input line 722.
))
LaTeX Encoding Info:    Redeclaring text command \guillemotleft (encoding OT1) on input line 12.
LaTeX Encoding Info:    Redeclaring text command \guillemotright (encoding OT1) on input line 12.
 (C:\Users\danig\AppData\Local\Programs\MiKTeX\tex/latex/base\inputenc.sty
Package: inputenc 2024/02/08 v1.3d Input encoding file
\inpenc@prehook=\toks18
\inpenc@posthook=\toks19
) (C:\Users\danig\AppData\Local\Programs\MiKTeX\tex/latex/fancyhdr\fancyhdr.sty
Package: fancyhdr 2025/02/07 v5.2 Extensive control of page headers and footers
\f@nch@headwidth=\skip51
\f@nch@offset@elh=\skip52
\f@nch@offset@erh=\skip53
\f@nch@offset@olh=\skip54
\f@nch@offset@orh=\skip55
\f@nch@offset@elf=\skip56
\f@nch@offset@erf=\skip57
\f@nch@offset@olf=\skip58
\f@nch@offset@orf=\skip59
\f@nch@height=\skip60
\f@nch@footalignment=\skip61
\f@nch@widthL=\skip62
\f@nch@widthC=\skip63
\f@nch@widthR=\skip64
\@temptokenb=\toks20
) (C:\Users\danig\AppData\Local\Programs\MiKTeX\tex/latex/xcolor\xcolor.sty
Package: xcolor 2024/09/29 v3.02 LaTeX color extensions (UK)
 (C:\Users\danig\AppData\Local\Programs\MiKTeX\tex/latex/graphics-cfg\color.cfg
File: color.cfg 2016/01/02 v1.6 sample color configuration
)
Package xcolor Info: Driver file: pdftex.def on input line 274.
 (C:\Users\danig\AppData\Local\Programs\MiKTeX\tex/latex/graphics-def\pdftex.def
File: pdftex.def 2025/09/29 v1.2d Graphics/color driver for pdftex
) (C:\Users\danig\AppData\Local\Programs\MiKTeX\tex/latex/graphics\mathcolor.ltx)
Package xcolor Info: Model `cmy' substituted by `cmy0' on input line 1349.
Package xcolor Info: Model `hsb' substituted by `rgb' on input line 1353.
Package xcolor Info: Model `RGB' extended on input line 1365.
Package xcolor Info: Model `HTML' substituted by `rgb' on input line 1367.
Package xcolor Info: Model `Hsb' substituted by `hsb' on input line 1368.
Package xcolor Info: Model `tHsb' substituted by `hsb' on input line 1369.
Package xcolor Info: Model `HSB' substituted by `hsb' on input line 1370.
Package xcolor Info: Model `Gray' substituted by `gray' on input line 1371.
Package xcolor Info: Model `wave' substituted by `hsb' on input line 1372.
) (C:\Users\danig\AppData\Local\Programs\MiKTeX\tex/latex/xcolor\svgnam.def
File: svgnam.def 2024/09/29 v3.02 Predefined colors according to SVG 1.1 (UK)
) (C:\Users\danig\AppData\Local\Programs\MiKTeX\tex/latex/tools\enumerate.sty
Package: enumerate 2023/07/04 v3.00 enumerate extensions (DPC)
\@enLab=\toks21
) (C:\Users\danig\AppData\Local\Programs\MiKTeX\tex/latex/tools\multicol.sty
Package: multicol 2025/10/21 v2.0b multicolumn formatting (FMi)
\c@tracingmulticols=\count286
\mult@box=\box53
\multicol@leftmargin=\dimen150
\c@unbalance=\count287
\c@collectmore=\count288
\doublecol@number=\count289
\multicoltolerance=\count290
\multicolpretolerance=\count291
\full@width=\dimen151
\page@free=\dimen152
\premulticols=\dimen153
\postmulticols=\dimen154
\multicolsep=\skip65
\multicolbaselineskip=\skip66
\partial@page=\box54
\last@line=\box55
\mc@boxedresult=\box56
\maxbalancingoverflow=\dimen155
\mult@rightbox=\box57
\mult@grightbox=\box58
\mult@firstbox=\box59
\mult@gfirstbox=\box60
\@tempa=\box61
\@tempa=\box62
\@tempa=\box63
\@tempa=\box64
\@tempa=\box65
\@tempa=\box66
\@tempa=\box67
\@tempa=\box68
\@tempa=\box69
\@tempa=\box70
\@tempa=\box71
\@tempa=\box72
\@tempa=\box73
\@tempa=\box74
\@tempa=\box75
\@tempa=\box76
\@tempa=\box77
\@tempa=\box78
\@tempa=\box79
\@tempa=\box80
\@tempa=\box81
\@tempa=\box82
\@tempa=\box83
\@tempa=\box84
\@tempa=\box85
\@tempa=\box86
\@tempa=\box87
\@tempa=\box88
\@tempa=\box89
\@tempa=\box90
\@tempa=\box91
\@tempa=\box92
\@tempa=\box93
\@tempa=\box94
\@tempa=\box95
\@tempa=\box96
\c@minrows=\count292
\c@columnbadness=\count293
\c@finalcolumnbadness=\count294
\last@try=\dimen156
\multicolovershoot=\dimen157
\multicolundershoot=\dimen158
\mult@nat@firstbox=\box97
\colbreak@box=\box98
\mc@col@check@num=\count295
\g__mc_curr_col_int=\count296
) (C:\Users\danig\AppData\Local\Programs\MiKTeX\tex/latex/tocloft\tocloft.sty
Package: tocloft 2017/08/31 v2.3i parameterised ToC, etc., typesetting
Package tocloft Info: The document has section divisions on input line 51.
\cftparskip=\skip67
\cftbeforetoctitleskip=\skip68
\cftaftertoctitleskip=\skip69
\cftbeforepartskip=\skip70
\cftpartnumwidth=\skip71
\cftpartindent=\skip72
\cftbeforesecskip=\skip73
\cftsecindent=\skip74
\cftsecnumwidth=\skip75
\cftbeforesubsecskip=\skip76
\cftsubsecindent=\skip77
\cftsubsecnumwidth=\skip78
\cftbeforesubsubsecskip=\skip79
\cftsubsubsecindent=\skip80
\cftsubsubsecnumwidth=\skip81
\cftbeforeparaskip=\skip82
\cftparaindent=\skip83
\cftparanumwidth=\skip84
\cftbeforesubparaskip=\skip85
\cftsubparaindent=\skip86
\cftsubparanumwidth=\skip87
\cftbeforeloftitleskip=\skip88
\cftafterloftitleskip=\skip89
\cftbeforefigskip=\skip90
\cftfigindent=\skip91
\cftfignumwidth=\skip92
\c@lofdepth=\count297
\c@lotdepth=\count298
\cftbeforelottitleskip=\skip93
\cftafterlottitleskip=\skip94
\cftbeforetabskip=\skip95
\cfttabindent=\skip96
\cfttabnumwidth=\skip97
) (C:\Users\danig\AppData\Local\Programs\MiKTeX\tex/latex/etoolbox\etoolbox.sty
Package: etoolbox 2025/10/02 v2.5m e-TeX tools for LaTeX (JAW)
\etb@tempcnta=\count299
) (C:\Users\danig\AppData\Local\Programs\MiKTeX\tex/latex/etoc\etoc.sty
Package: etoc 2023/10/29 v1.2d Completely customisable TOCs (JFB)
 (C:\Users\danig\AppData\Local\Programs\MiKTeX\tex/latex/kvoptions\kvoptions.sty
Package: kvoptions 2022-06-15 v3.15 Key value format for package options (HO)
 (C:\Users\danig\AppData\Local\Programs\MiKTeX\tex/latex/graphics\keyval.sty
Package: keyval 2022/05/29 v1.15 key=value parser (DPC)
\KV@toks@=\toks22
) (C:\Users\danig\AppData\Local\Programs\MiKTeX\tex/generic/ltxcmds\ltxcmds.sty
Package: ltxcmds 2023-12-04 v1.26 LaTeX kernel commands for general use (HO)
) (C:\Users\danig\AppData\Local\Programs\MiKTeX\tex/latex/kvsetkeys\kvsetkeys.sty
Package: kvsetkeys 2022-10-05 v1.19 Key value parser (HO)
))
\Etoc@toctoks=\toks23
\c@etoc@tocid=\count300
\etoc@framed@titlebox=\box99
\etoc@framed@contentsbox=\box100
) (C:\Users\danig\AppData\Local\Programs\MiKTeX\tex/latex/amsmath\amsmath.sty
Package: amsmath 2025/07/09 v2.17z AMS math features
\@mathmargin=\skip98

For additional information on amsmath, use the `?' option.
(C:\Users\danig\AppData\Local\Programs\MiKTeX\tex/latex/amsmath\amstext.sty
Package: amstext 2024/11/17 v2.01 AMS text
 (C:\Users\danig\AppData\Local\Programs\MiKTeX\tex/latex/amsmath\amsgen.sty
File: amsgen.sty 1999/11/30 v2.0 generic functions
\@emptytoks=\toks24
\ex@=\dimen159
)) (C:\Users\danig\AppData\Local\Programs\MiKTeX\tex/latex/amsmath\amsbsy.sty
Package: amsbsy 1999/11/29 v1.2d Bold Symbols
\pmbraise@=\dimen160
) (C:\Users\danig\AppData\Local\Programs\MiKTeX\tex/latex/amsmath\amsopn.sty
Package: amsopn 2022/04/08 v2.04 operator names
)
\inf@bad=\count301
LaTeX Info: Redefining \frac on input line 233.
\uproot@=\count302
\leftroot@=\count303
LaTeX Info: Redefining \overline on input line 398.
LaTeX Info: Redefining \colon on input line 409.
\classnum@=\count304
\DOTSCASE@=\count305
LaTeX Info: Redefining \ldots on input line 495.
LaTeX Info: Redefining \dots on input line 498.
LaTeX Info: Redefining \cdots on input line 619.
\Mathstrutbox@=\box101
\strutbox@=\box102
LaTeX Info: Redefining \big on input line 721.
LaTeX Info: Redefining \Big on input line 722.
LaTeX Info: Redefining \bigg on input line 723.
LaTeX Info: Redefining \Bigg on input line 724.
\big@size=\dimen161
LaTeX Font Info:    Redeclaring font encoding OML on input line 742.
LaTeX Font Info:    Redeclaring font encoding OMS on input line 743.
\macc@depth=\count306
LaTeX Info: Redefining \bmod on input line 904.
LaTeX Info: Redefining \pmod on input line 909.
LaTeX Info: Redefining \smash on input line 939.
LaTeX Info: Redefining \relbar on input line 969.
LaTeX Info: Redefining \Relbar on input line 970.
\c@MaxMatrixCols=\count307
\dotsspace@=\muskip17
\c@parentequation=\count308
\dspbrk@lvl=\count309
\tag@help=\toks25
\row@=\count310
\column@=\count311
\maxfields@=\count312
\andhelp@=\toks26
\eqnshift@=\dimen162
\alignsep@=\dimen163
\tagshift@=\dimen164
\tagwidth@=\dimen165
\totwidth@=\dimen166
\lineht@=\dimen167
\@envbody=\toks27
\multlinegap=\skip99
\multlinetaggap=\skip100
\mathdisplay@stack=\toks28
LaTeX Info: Redefining \[ on input line 2950.
LaTeX Info: Redefining \] on input line 2951.
) (C:\Users\danig\AppData\Local\Programs\MiKTeX\tex/latex/graphics\graphicx.sty
Package: graphicx 2024/12/31 v1.2e Enhanced LaTeX Graphics (DPC,SPQR)
 (C:\Users\danig\AppData\Local\Programs\MiKTeX\tex/latex/graphics\graphics.sty
Package: graphics 2024/08/06 v1.4g Standard LaTeX Graphics (DPC,SPQR)
 (C:\Users\danig\AppData\Local\Programs\MiKTeX\tex/latex/graphics\trig.sty
Package: trig 2023/12/02 v1.11 sin cos tan (DPC)
) (C:\Users\danig\AppData\Local\Programs\MiKTeX\tex/latex/graphics-cfg\graphics.cfg
File: graphics.cfg 2016/06/04 v1.11 sample graphics configuration
)
Package graphics Info: Driver file: pdftex.def on input line 106.
)
\Gin@req@height=\dimen168
\Gin@req@width=\dimen169
) (C:\Users\danig\AppData\Local\Programs\MiKTeX\tex/latex/caption\subcaption.sty
Package: subcaption 2023/07/28 v1.6b Sub-captions (AR)
 (C:\Users\danig\AppData\Local\Programs\MiKTeX\tex/latex/caption\caption.sty
Package: caption 2023/08/05 v3.6o Customizing captions (AR)
 (C:\Users\danig\AppData\Local\Programs\MiKTeX\tex/latex/caption\caption3.sty
Package: caption3 2023/07/31 v2.4d caption3 kernel (AR)
\caption@tempdima=\dimen170
\captionmargin=\dimen171
\caption@leftmargin=\dimen172
\caption@rightmargin=\dimen173
\caption@width=\dimen174
\caption@indent=\dimen175
\caption@parindent=\dimen176
\caption@hangindent=\dimen177
Package caption Info: Standard document class detected.
)
\c@caption@flags=\count313
\c@continuedfloat=\count314
)
Package caption Info: New subtype `subfigure' on input line 238.
\c@subfigure=\count315
Package caption Info: New subtype `subtable' on input line 238.
\c@subtable=\count316
) (C:\Users\danig\AppData\Local\Programs\MiKTeX\tex/latex/float\float.sty
Package: float 2001/11/08 v1.3d Float enhancements (AL)
\c@float@type=\count317
\float@exts=\toks29
\float@box=\box103
\@float@everytoks=\toks30
\@floatcapt=\box104
) (C:\Users\danig\AppData\Local\Programs\MiKTeX\tex/latex/booktabs\booktabs.sty
Package: booktabs 2020/01/12 v1.61803398 Publication quality tables
\heavyrulewidth=\dimen178
\lightrulewidth=\dimen179
\cmidrulewidth=\dimen180
\belowrulesep=\dimen181
\belowbottomsep=\dimen182
\aboverulesep=\dimen183
\abovetopsep=\dimen184
\cmidrulesep=\dimen185
\cmidrulekern=\dimen186
\defaultaddspace=\dimen187
\@cmidla=\count318
\@cmidlb=\count319
\@aboverulesep=\dimen188
\@belowrulesep=\dimen189
\@thisruleclass=\count320
\@lastruleclass=\count321
\@thisrulewidth=\dimen190
) (C:\Users\danig\AppData\Local\Programs\MiKTeX\tex/latex/multirow\multirow.sty
Package: multirow 2024/11/12 v2.9 Span multiple rows of a table
\multirow@colwidth=\skip101
\multirow@cntb=\count322
\multirow@dima=\skip102
\bigstrutjot=\dimen191
) (C:\Users\danig\AppData\Local\Programs\MiKTeX\tex/latex/adjustbox\adjustbox.sty
Package: adjustbox 2025/02/26 v1.3c Adjusting TeX boxes (trim, clip, ...)
 (C:\Users\danig\AppData\Local\Programs\MiKTeX\tex/latex/xkeyval\xkeyval.sty
Package: xkeyval 2022/06/16 v2.9 package option processing (HA)
 (C:\Users\danig\AppData\Local\Programs\MiKTeX\tex/generic/xkeyval\xkeyval.tex (C:\Users\danig\AppData\Local\Programs\MiKTeX\tex/generic/xkeyval\xkvutils.tex
\XKV@toks=\toks31
\XKV@tempa@toks=\toks32
)
\XKV@depth=\count323
File: xkeyval.tex 2014/12/03 v2.7a key=value parser (HA)
)) (C:\Users\danig\AppData\Local\Programs\MiKTeX\tex/latex/adjustbox\adjcalc.sty
Package: adjcalc 2012/05/16 v1.1 Provides advanced setlength with multiple back-ends (calc, etex, pgfmath)
) (C:\Users\danig\AppData\Local\Programs\MiKTeX\tex/latex/adjustbox\trimclip.sty
Package: trimclip 2025/02/21 v1.2a Trim and clip general TeX material
 (C:\Users\danig\AppData\Local\Programs\MiKTeX\tex/latex/collectbox\collectbox.sty
Package: collectbox 2022/10/17 v0.4c Collect macro arguments as boxes
\collectedbox=\box105
)
\tc@llx=\dimen192
\tc@lly=\dimen193
\tc@urx=\dimen194
\tc@ury=\dimen195
Package trimclip Info: Using driver 'tc-pdftex.def'.
 (C:\Users\danig\AppData\Local\Programs\MiKTeX\tex/latex/adjustbox\tc-pdftex.def
File: tc-pdftex.def 2025/02/26 v2.3 Clipping driver for pdftex
))
\adjbox@Width=\dimen196
\adjbox@Height=\dimen197
\adjbox@Depth=\dimen198
\adjbox@Totalheight=\dimen199
\adjbox@pwidth=\dimen256
\adjbox@pheight=\dimen257
\adjbox@pdepth=\dimen258
\adjbox@ptotalheight=\dimen259
 (C:\Users\danig\AppData\Local\Programs\MiKTeX\tex/latex/ifoddpage\ifoddpage.sty
Package: ifoddpage 2022/10/18 v1.2 Conditionals for odd/even page detection
\c@checkoddpage=\count324
) (C:\Users\danig\AppData\Local\Programs\MiKTeX\tex/latex/varwidth\varwidth.sty
Package: varwidth 2009/03/30 ver 0.92;  Variable-width minipages
\@vwid@box=\box106
\sift@deathcycles=\count325
\@vwid@loff=\dimen260
\@vwid@roff=\dimen261
)
==> First Aid for varwidth.sty applied!
)
Package caption Info: Option `tablename' requires the `newfloat' package on input line 39.
 (C:\Users\danig\AppData\Local\Programs\MiKTeX\tex/latex/newfloat\newfloat.sty
Package: newfloat 2023/10/01 v1.2 Defining new floating environments (AR)
) (C:\Users\danig\AppData\Local\Programs\MiKTeX\tex/latex/mdwtools\footnote.sty
Package: footnote 1997/01/28 1.13 Save footnotes around boxes
\fn@notes=\box107
\fn@width=\dimen262
) (C:\Users\danig\AppData\Local\Programs\MiKTeX\tex/latex/hyperref\hyperref.sty
Package: hyperref 2025-07-12 v7.01o Hypertext links for LaTeX
 (C:\Users\danig\AppData\Local\Programs\MiKTeX\tex/generic/iftex\iftex.sty
Package: iftex 2024/12/12 v1.0g TeX engine tests
) (C:\Users\danig\AppData\Local\Programs\MiKTeX\tex/generic/kvdefinekeys\kvdefinekeys.sty
Package: kvdefinekeys 2019-12-19 v1.6 Define keys (HO)
) (C:\Users\danig\AppData\Local\Programs\MiKTeX\tex/generic/pdfescape\pdfescape.sty
Package: pdfescape 2019/12/09 v1.15 Implements pdfTeX's escape features (HO)
 (C:\Users\danig\AppData\Local\Programs\MiKTeX\tex/generic/pdftexcmds\pdftexcmds.sty
Package: pdftexcmds 2020-06-27 v0.33 Utility functions of pdfTeX for LuaTeX (HO)
 (C:\Users\danig\AppData\Local\Programs\MiKTeX\tex/generic/infwarerr\infwarerr.sty
Package: infwarerr 2019/12/03 v1.5 Providing info/warning/error messages (HO)
)
Package pdftexcmds Info: \pdf@primitive is available.
Package pdftexcmds Info: \pdf@ifprimitive is available.
Package pdftexcmds Info: \pdfdraftmode found.
)) (C:\Users\danig\AppData\Local\Programs\MiKTeX\tex/latex/hycolor\hycolor.sty
Package: hycolor 2020-01-27 v1.10 Color options for hyperref/bookmark (HO)
) (C:\Users\danig\AppData\Local\Programs\MiKTeX\tex/latex/hyperref\nameref.sty
Package: nameref 2025-06-21 v2.57 Cross-referencing by name of section
 (C:\Users\danig\AppData\Local\Programs\MiKTeX\tex/latex/refcount\refcount.sty
Package: refcount 2019/12/15 v3.6 Data extraction from label references (HO)
) (C:\Users\danig\AppData\Local\Programs\MiKTeX\tex/generic/gettitlestring\gettitlestring.sty
Package: gettitlestring 2019/12/15 v1.6 Cleanup title references (HO)
)
\c@section@level=\count326
) (C:\Users\danig\AppData\Local\Programs\MiKTeX\tex/generic/stringenc\stringenc.sty
Package: stringenc 2019/11/29 v1.12 Convert strings between diff. encodings (HO)
)
\@linkdim=\dimen263
\Hy@linkcounter=\count327
\Hy@pagecounter=\count328
 (C:\Users\danig\AppData\Local\Programs\MiKTeX\tex/latex/hyperref\pd1enc.def
File: pd1enc.def 2025-07-12 v7.01o Hyperref: PDFDocEncoding definition (HO)
Now handling font encoding PD1 ...
... no UTF-8 mapping file for font encoding PD1
) (C:\Users\danig\AppData\Local\Programs\MiKTeX\tex/generic/intcalc\intcalc.sty
Package: intcalc 2019/12/15 v1.3 Expandable calculations with integers (HO)
)
\Hy@SavedSpaceFactor=\count329
 (C:\Users\danig\AppData\Local\Programs\MiKTeX\tex/latex/hyperref\puenc.def
File: puenc.def 2025-07-12 v7.01o Hyperref: PDF Unicode definition (HO)
Now handling font encoding PU ...
... no UTF-8 mapping file for font encoding PU
)
Package hyperref Info: Option `colorlinks' set `true' on input line 4066.
Package hyperref Info: Hyper figures OFF on input line 4195.
Package hyperref Info: Link nesting OFF on input line 4200.
Package hyperref Info: Hyper index ON on input line 4203.
Package hyperref Info: Plain pages OFF on input line 4210.
Package hyperref Info: Backreferencing OFF on input line 4215.
Package hyperref Info: Implicit mode ON; LaTeX internals redefined.
Package hyperref Info: Bookmarks ON on input line 4462.
\c@Hy@tempcnt=\count330
 (C:\Users\danig\AppData\Local\Programs\MiKTeX\tex/latex/url\url.sty
\Urlmuskip=\muskip18
Package: url 2013/09/16  ver 3.4  Verb mode for urls, etc.
)
LaTeX Info: Redefining \url on input line 4801.
\XeTeXLinkMargin=\dimen264
 (C:\Users\danig\AppData\Local\Programs\MiKTeX\tex/generic/bitset\bitset.sty
Package: bitset 2019/12/09 v1.3 Handle bit-vector datatype (HO)
 (C:\Users\danig\AppData\Local\Programs\MiKTeX\tex/generic/bigintcalc\bigintcalc.sty
Package: bigintcalc 2019/12/15 v1.5 Expandable calculations on big integers (HO)
))
\Fld@menulength=\count331
\Field@Width=\dimen265
\Fld@charsize=\dimen266
Package hyperref Info: Hyper figures OFF on input line 6078.
Package hyperref Info: Link nesting OFF on input line 6083.
Package hyperref Info: Hyper index ON on input line 6086.
Package hyperref Info: backreferencing OFF on input line 6093.
Package hyperref Info: Link coloring ON on input line 6096.
Package hyperref Info: Link coloring with OCG OFF on input line 6103.
Package hyperref Info: PDF/A mode OFF on input line 6108.
\Hy@abspage=\count332
\c@Item=\count333
\c@Hfootnote=\count334
)
Package hyperref Info: Driver (autodetected): hpdftex.
 (C:\Users\danig\AppData\Local\Programs\MiKTeX\tex/latex/hyperref\hpdftex.def
File: hpdftex.def 2025-07-12 v7.01o Hyperref driver for pdfTeX
\Fld@listcount=\count335
\c@bookmark@seq@number=\count336
 (C:\Users\danig\AppData\Local\Programs\MiKTeX\tex/latex/rerunfilecheck\rerunfilecheck.sty
Package: rerunfilecheck 2025-06-21 v1.11 Rerun checks for auxiliary files (HO)
 (C:\Users\danig\AppData\Local\Programs\MiKTeX\tex/generic/uniquecounter\uniquecounter.sty
Package: uniquecounter 2019/12/15 v1.4 Provide unlimited unique counter (HO)
)
Package uniquecounter Info: New unique counter `rerunfilecheck' on input line 284.
)
\Hy@SectionHShift=\skip103
) (C:\Users\danig\AppData\Local\Programs\MiKTeX\tex/latex/l3backend\l3backend-pdftex.def
File: l3backend-pdftex.def 2025-10-09 L3 backend support: PDF output (pdfTeX)
\l__color_backend_stack_int=\count337
) (Informe_Final_Stiffio.aux
LaTeX Info: Redefining \. on input line 13.
LaTeX Info: Redefining \% on input line 13.
Package babel Info: 'spanish' activates 'spanish' shorthands.
(babel)             Reported on input line 13.
)
\openout1 = `Informe_Final_Stiffio.aux'.

LaTeX Font Info:    Checking defaults for OML/cmm/m/it on input line 56.
LaTeX Font Info:    ... okay on input line 56.
LaTeX Font Info:    Checking defaults for OMS/cmsy/m/n on input line 56.
LaTeX Font Info:    ... okay on input line 56.
LaTeX Font Info:    Checking defaults for OT1/cmr/m/n on input line 56.
LaTeX Font Info:    ... okay on input line 56.
LaTeX Font Info:    Checking defaults for T1/cmr/m/n on input line 56.
LaTeX Font Info:    ... okay on input line 56.
LaTeX Font Info:    Checking defaults for TS1/cmr/m/n on input line 56.
LaTeX Font Info:    ... okay on input line 56.
LaTeX Font Info:    Checking defaults for OMX/cmex/m/n on input line 56.
LaTeX Font Info:    ... okay on input line 56.
LaTeX Font Info:    Checking defaults for U/cmr/m/n on input line 56.
LaTeX Font Info:    ... okay on input line 56.
LaTeX Font Info:    Checking defaults for PD1/pdf/m/n on input line 56.
LaTeX Font Info:    ... okay on input line 56.
LaTeX Font Info:    Checking defaults for PU/pdf/m/n on input line 56.
LaTeX Font Info:    ... okay on input line 56.
LaTeX Info: Redefining \. on input line 56.
LaTeX Info: Redefining \% on input line 56.
 (C:\Users\danig\AppData\Local\Programs\MiKTeX\tex/context/base/mkii\supp-pdf.mkii
[Loading MPS to PDF converter (version 2006.09.02).]
\scratchcounter=\count338
\scratchdimen=\dimen267
\scratchbox=\box108
\nofMPsegments=\count339
\nofMParguments=\count340
\everyMPshowfont=\toks33
\MPscratchCnt=\count341
\MPscratchDim=\dimen268
\MPnumerator=\count342
\makeMPintoPDFobject=\count343
\everyMPtoPDFconversion=\toks34
) (C:\Users\danig\AppData\Local\Programs\MiKTeX\tex/latex/epstopdf-pkg\epstopdf-base.sty
Package: epstopdf-base 2020-01-24 v2.11 Base part for package epstopdf
Package epstopdf-base Info: Redefining graphics rule for `.eps' on input line 485.
 (C:\Users\danig\AppData\Local\Programs\MiKTeX\tex/latex/00miktex\epstopdf-sys.cfg
File: epstopdf-sys.cfg 2021/03/18 v2.0 Configuration of epstopdf for MiKTeX
))
\Etoc@tf=\read3
Package caption Info: Begin \AtBeginDocument code.
Package caption Info: float package is loaded.
Package caption Info: hyperref package is loaded.
Package caption Info: End \AtBeginDocument code.
Package newfloat Info: `float' package detected.
Package hyperref Info: Link coloring ON on input line 56.
 (Informe_Final_Stiffio.out) (Informe_Final_Stiffio.out)
\@outlinefile=\write3
\openout3 = `Informe_Final_Stiffio.out'.

<images/Logo ITBA.png, id=146, 145.14224pt x 66.84975pt>
File: images/Logo ITBA.png Graphic file (type png)
<use images/Logo ITBA.png>
Package pdftex.def Info: images/Logo ITBA.png  used on input line 62.
(pdftex.def)             Requested size: 91.04742pt x 41.935pt.
<images/Logo Stiffio.jpg, id=148, 569.12625pt x 478.78876pt>
File: images/Logo Stiffio.jpg Graphic file (type jpg)
<use images/Logo Stiffio.jpg>
Package pdftex.def Info: images/Logo Stiffio.jpg  used on input line 70.
(pdftex.def)             Requested size: 204.85844pt x 172.3419pt.
 [1

{C:/Users/danig/AppData/Local/MiKTeX/fonts/map/pdftex/pdftex.map} <./images/Logo ITBA.png> <./images/Logo Stiffio.jpg>]
\tf@toc=\write4
\openout4 = `Informe_Final_Stiffio.toc'.

LaTeX Info: Redefining \. on input line 106.
LaTeX Info: Redefining \% on input line 106.
 [1]
LaTeX Info: Redefining \. on input line 115.
LaTeX Info: Redefining \% on input line 115.

pdfTeX warning (ext4): destination with the same identifier (name{page.}) has been already used, duplicate ignored
<to be read again> 
                   \relax 
l.119 \newpage
               [1]
pdfTeX warning (ext4): destination with the same identifier (name{page.}) has been already used, duplicate ignored
<to be read again> 
                   \relax 
l.127 \newpage
               [1]
pdfTeX warning (ext4): destination with the same identifier (name{page.1}) has been already used, duplicate ignored
<to be read again> 
                   \relax 
l.157     \subsection
                     {Velocidad de onda de pulso} [1] [2] [3] [4] [5]
<images/Diagrama de Bloques.png, id=278, 377.0085pt x 332.442pt>
File: images/Diagrama de Bloques.png Graphic file (type png)
<use images/Diagrama de Bloques.png>
Package pdftex.def Info: images/Diagrama de Bloques.png  used on input line 284.
(pdftex.def)             Requested size: 455.24408pt x 401.43428pt.
 [6] [7 <./images/Diagrama de Bloques.png>] [8]
<images/Circuito.jpeg, id=296, 1606.0pt x 809.0225pt>
File: images/Circuito.jpeg Graphic file (type jpg)
<use images/Circuito.jpeg>
Package pdftex.def Info: images/Circuito.jpeg  used on input line 326.
(pdftex.def)             Requested size: 455.24408pt x 229.327pt.
<images/Placa Front.png, id=297, 550.055pt x 456.70625pt>
File: images/Placa Front.png Graphic file (type png)
<use images/Placa Front.png>
Package pdftex.def Info: images/Placa Front.png  used on input line 343.
(pdftex.def)             Requested size: 204.85844pt x 170.09366pt.
<images/Placa Back.png, id=298, 559.08875pt x 449.68pt>
File: images/Placa Back.png Graphic file (type png)
<use images/Placa Back.png>
Package pdftex.def Info: images/Placa Back.png  used on input line 348.
(pdftex.def)             Requested size: 204.85844pt x 164.76653pt.
 [9 <./images/Circuito.jpeg>] [10 <./images/Placa Front.png> <./images/Placa Back.png>]
<images/Caja 1.png, id=312, 500.62032pt x 389.95688pt>
File: images/Caja 1.png Graphic file (type png)
<use images/Caja 1.png>
Package pdftex.def Info: images/Caja 1.png  used on input line 382.
(pdftex.def)             Requested size: 136.5746pt x 106.3846pt.
<images/Caja 2.png, id=313, 548.0475pt x 410.2828pt>
File: images/Caja 2.png Graphic file (type png)
<use images/Caja 2.png>
Package pdftex.def Info: images/Caja 2.png  used on input line 387.
(pdftex.def)             Requested size: 136.5746pt x 102.2449pt.
<images/Bateria.png, id=314, 569.87906pt x 458.46281pt>
File: images/Bateria.png Graphic file (type png)
<use images/Bateria.png>
Package pdftex.def Info: images/Bateria.png  used on input line 392.
(pdftex.def)             Requested size: 136.5746pt x 109.87242pt.
<images/Colores Puertos.png, id=315, 709.14937pt x 395.22656pt>
File: images/Colores Puertos.png Graphic file (type png)
<use images/Colores Puertos.png>
Package pdftex.def Info: images/Colores Puertos.png  used on input line 407.
(pdftex.def)             Requested size: 295.90587pt x 164.92056pt.
 [11 <./images/Caja 1.png> <./images/Caja 2.png> <./images/Bateria.png> <./images/Colores Puertos.png>]
<images/Sensor Front.png, id=326, 651.93562pt x 678.28406pt>
File: images/Sensor Front.png Graphic file (type png)
<use images/Sensor Front.png>
Package pdftex.def Info: images/Sensor Front.png  used on input line 435.
(pdftex.def)             Requested size: 159.3382pt x 165.77223pt.
<images/Sensor Front 2.png, id=327, 750.55406pt x 773.13844pt>
File: images/Sensor Front 2.png Graphic file (type png)
<use images/Sensor Front 2.png>
Package pdftex.def Info: images/Sensor Front 2.png  used on input line 440.
(pdftex.def)             Requested size: 159.3382pt x 164.13344pt.
<images/Sensor Back.png, id=328, 1284.8pt x 1036.87375pt>
File: images/Sensor Back.png Graphic file (type png)
<use images/Sensor Back.png>
Package pdftex.def Info: images/Sensor Back.png  used on input line 455.
(pdftex.def)             Requested size: 204.85844pt x 165.3178pt.
<images/Sensor Back 2.png, id=329, 903.375pt x 780.9175pt>
File: images/Sensor Back 2.png Graphic file (type png)
<use images/Sensor Back 2.png>
Package pdftex.def Info: images/Sensor Back 2.png  used on input line 460.
(pdftex.def)             Requested size: 204.85844pt x 177.08109pt.
 [12 <./images/Sensor Front.png> <./images/Sensor Front 2.png>]
<images/Sensor.png, id=337, 661.72218pt x 585.68813pt>
File: images/Sensor.png Graphic file (type png)
<use images/Sensor.png>
Package pdftex.def Info: images/Sensor.png  used on input line 472.
(pdftex.def)             Requested size: 204.85844pt x 181.3112pt.
 [13 <./images/Sensor Back.png> <./images/Sensor Back 2.png> <./images/Sensor.png>]
<images/DiagramaSoftwareMenu.png, id=347, 1413.28pt x 770.88pt>
File: images/DiagramaSoftwareMenu.png Graphic file (type png)
<use images/DiagramaSoftwareMenu.png>
Package pdftex.def Info: images/DiagramaSoftwareMenu.png  used on input line 500.
(pdftex.def)             Requested size: 386.96024pt x 211.06929pt.
 [14 <./images/DiagramaSoftwareMenu.png>]
<images/PPG_reflectance_vs_transmission.jpg, id=354, 642.4pt x 327.2225pt>
File: images/PPG_reflectance_vs_transmission.jpg Graphic file (type jpg)
<use images/PPG_reflectance_vs_transmission.jpg>
Package pdftex.def Info: images/PPG_reflectance_vs_transmission.jpg  used on input line 515.
(pdftex.def)             Requested size: 364.19664pt x 185.51517pt.
 [15 <./images/PPG_reflectance_vs_transmission.jpg>] [16]
Underfull \hbox (badness 10000) in paragraph at lines 570--571

 []

<images/Arterias.jpg, id=371, 1003.75pt x 1248.665pt>
File: images/Arterias.jpg Graphic file (type jpg)
<use images/Arterias.jpg>
Package pdftex.def Info: images/Arterias.jpg  used on input line 582.
(pdftex.def)             Requested size: 227.62204pt x 283.14766pt.
[17] [18 <./images/Arterias.jpg>]
<images/Menu Display.jpeg, id=385, 1284.8pt x 857.2025pt>
File: images/Menu Display.jpeg Graphic file (type jpg)
<use images/Menu Display.jpeg>
Package pdftex.def Info: images/Menu Display.jpeg  used on input line 603.
(pdftex.def)             Requested size: 318.66946pt x 212.6128pt.
<images/Teclado Numerico.jpeg, id=386, 1606.0pt x 1104.125pt>
File: images/Teclado Numerico.jpeg Graphic file (type jpg)
<use images/Teclado Numerico.jpeg>
Package pdftex.def Info: images/Teclado Numerico.jpeg  used on input line 617.
(pdftex.def)             Requested size: 318.66946pt x 219.08578pt.
 [19 <./images/Menu Display.jpeg>]
<images/Interfaz Datos.png, id=392, 1154.51324pt x 593.8185pt>
File: images/Interfaz Datos.png Graphic file (type png)
<use images/Interfaz Datos.png>
Package pdftex.def Info: images/Interfaz Datos.png  used on input line 635.
(pdftex.def)             Requested size: 409.71689pt x 210.73003pt.
 [20 <./images/Teclado Numerico.jpeg>]
<images/Menu Interfaz.png, id=398, 1156.32pt x 598.6365pt>
File: images/Menu Interfaz.png Graphic file (type png)
<use images/Menu Interfaz.png>
Package pdftex.def Info: images/Menu Interfaz.png  used on input line 659.
(pdftex.def)             Requested size: 409.71689pt x 212.11096pt.
 [21 <./images/Interfaz Datos.png>]
File: images/Interfaz Datos.png Graphic file (type png)
<use images/Interfaz Datos.png>
Package pdftex.def Info: images/Interfaz Datos.png  used on input line 672.
(pdftex.def)             Requested size: 409.71689pt x 210.73003pt.
 [22 <./images/Menu Interfaz.png>]
<images/Interfaz Main.png, id=413, 963.6pt x 502.87875pt>
File: images/Interfaz Main.png Graphic file (type png)
<use images/Interfaz Main.png>
Package pdftex.def Info: images/Interfaz Main.png  used on input line 691.
(pdftex.def)             Requested size: 409.71689pt x 213.81656pt.
 [23 <./images/Interfaz Main.png>]
<images/Historial Interfaz.png, id=419, 1156.32pt x 599.841pt>
File: images/Historial Interfaz.png Graphic file (type png)
<use images/Historial Interfaz.png>
Package pdftex.def Info: images/Historial Interfaz.png  used on input line 710.
(pdftex.def)             Requested size: 409.71689pt x 212.53773pt.
 [24 <./images/Historial Interfaz.png>]
Underfull \hbox (badness 10000) in paragraph at lines 762--763

 []

[25]
Underfull \hbox (badness 10000) in paragraph at lines 771--772

 []

[26] [27] [28] [29] (Informe_Final_Stiffio.bbl
Overfull \hbox (152.87189pt too wide) in paragraph at lines 41--46
\OT1/cmr/m/n/12 es-[]revista-[]revista-[]colombiana-[]cardiologia-[]203-[]articulo-[]cuanti^^Lcacion-[]rigidez-[]arterial-[]lo-[]basico-[]S0120563315000789$[][] 
 []


Overfull \hbox (180.99681pt too wide) in paragraph at lines 72--76
\OT1/cmr/m/n/12 Cj0KCQjw-[]4XFBhCBARIsAAdNOkvujAaAVo7O9baRTQIExI5MjX-[]2NNtmu49EKrIE1ClUliBbz06PJhEaAjTHEALw[]
 []

[30] [31]) [32] (Anexos.tex [33]
<images/Carcasa Solid 1.png, id=515, 819.06pt x 553.06625pt>
File: images/Carcasa Solid 1.png Graphic file (type png)
<use images/Carcasa Solid 1.png>
Package pdftex.def Info: images/Carcasa Solid 1.png  used on input line 85.
(pdftex.def)             Requested size: 273.14922pt x 184.44498pt.
<images/Carcasa Solid 2.png, id=516, 989.6975pt x 585.18625pt>
File: images/Carcasa Solid 2.png Graphic file (type png)
<use images/Carcasa Solid 2.png>
Package pdftex.def Info: images/Carcasa Solid 2.png  used on input line 94.
(pdftex.def)             Requested size: 273.14922pt x 161.50264pt.
<images/Carcasa Solid 3.png, id=517, 670.505pt x 484.81125pt>
File: images/Carcasa Solid 3.png Graphic file (type png)
<use images/Carcasa Solid 3.png>
Package pdftex.def Info: images/Carcasa Solid 3.png  used on input line 103.
(pdftex.def)             Requested size: 273.14922pt x 197.5015pt.
 [34 <./images/Carcasa Solid 1.png> <./images/Carcasa Solid 2.png>]
<images/Sensor Solid.png, id=526, 383.93437pt x 377.15906pt>
File: images/Sensor Solid.png Graphic file (type png)
<use images/Sensor Solid.png>
Package pdftex.def Info: images/Sensor Solid.png  used on input line 120.
(pdftex.def)             Requested size: 204.85844pt x 201.24577pt.
<images/Sensor Solid 2.png, id=527, 380.17032pt x 383.93437pt>
File: images/Sensor Solid 2.png Graphic file (type png)
<use images/Sensor Solid 2.png>
Package pdftex.def Info: images/Sensor Solid 2.png  used on input line 125.
(pdftex.def)             Requested size: 204.85844pt x 206.8938pt.
 [35 <./images/Carcasa Solid 3.png> <./images/Sensor Solid.png> <./images/Sensor Solid 2.png>] [36]
<images/Reporte PDF.png, id=541, 561.89925pt x 383.63326pt>
File: images/Reporte PDF.png Graphic file (type png)
<use images/Reporte PDF.png>
Package pdftex.def Info: images/Reporte PDF.png  used on input line 187.
(pdftex.def)             Requested size: 409.71689pt x 279.73969pt.
) [37 <./images/Reporte PDF.png>] (Informe_Final_Stiffio.aux
LaTeX Info: Redefining \. on input line 13.
LaTeX Info: Redefining \% on input line 13.
)
 ***********
LaTeX2e <2025-11-01>
L3 programming layer <2025-12-24>
 ***********
Package rerunfilecheck Info: File `Informe_Final_Stiffio.out' has not changed.
(rerunfilecheck)             Checksum: 4A984371E1590D94426EE87C9B8F4D31;7081.
 ) 
Here is how much of TeX's memory you used:
 16037 strings out of 467871
 266673 string characters out of 5418376
 730687 words of memory out of 5000000
 44565 multiletter control sequences out of 15000+600000
 634108 words of font info for 62 fonts, out of 8000000 for 9000
 1141 hyphenation exceptions out of 8191
 69i,9n,84p,1004b,626s stack positions out of 10000i,1000n,20000p,200000b,200000s
 <C:\Users\danig\AppData\Local\MiKTeX\fonts/pk/ljfour/jknappen/ec/dpi600\tcrm1200.pk><C:/Users/danig/AppData/Local/Programs/MiKTeX/fonts/type1/public/amsfonts/cm/cmbx12.pfb><C:/Users/danig/AppData/Local/Programs/MiKTeX/fonts/type1/public/amsfonts/cm/cmmi12.pfb><C:/Users/danig/AppData/Local/Programs/MiKTeX/fonts/type1/public/amsfonts/cm/cmmi8.pfb><C:/Users/danig/AppData/Local/Programs/MiKTeX/fonts/type1/public/amsfonts/cm/cmr12.pfb><C:/Users/danig/AppData/Local/Programs/MiKTeX/fonts/type1/public/amsfonts/cm/cmr17.pfb><C:/Users/danig/AppData/Local/Programs/MiKTeX/fonts/type1/public/amsfonts/cm/cmr8.pfb><C:/Users/danig/AppData/Local/Programs/MiKTeX/fonts/type1/public/amsfonts/cm/cmsy10.pfb><C:/Users/danig/AppData/Local/Programs/MiKTeX/fonts/type1/public/amsfonts/cm/cmsy8.pfb><C:/Users/danig/AppData/Local/Programs/MiKTeX/fonts/type1/public/amsfonts/cm/cmti12.pfb><C:/Users/danig/AppData/Local/Programs/MiKTeX/fonts/type1/public/amsfonts/cm/cmtt12.pfb>
Output written on Informe_Final_Stiffio.pdf (41 pages, 8511603 bytes).
PDF statistics:
 630 PDF objects out of 1000 (max. 8388607)
 147 named destinations out of 1000 (max. 500000)
 439 words of extra memory for PDF output out of 10000 (max. 10000000)

