\BOOKMARK [1][-]{section*.1}{\376\377\000A\000n\000e\000x\000o\000s}{}% 1
\BOOKMARK [1][-]{section.1}{\376\377\000I\000n\000t\000r\000o\000d\000u\000c\000c\000i\000\363\000n}{}% 2
\BOOKMARK [2][-]{subsection.1.1}{\376\377\000E\000n\000f\000e\000r\000m\000e\000d\000a\000d\000e\000s\000\040\000c\000a\000r\000d\000i\000o\000v\000a\000s\000c\000u\000l\000a\000r\000e\000s\000\040\000y\000\040\000r\000i\000g\000i\000d\000e\000z\000\040\000a\000r\000t\000e\000r\000i\000a\000l}{section.1}% 3
\BOOKMARK [2][-]{subsection.1.2}{\376\377\000V\000e\000l\000o\000c\000i\000d\000a\000d\000\040\000d\000e\000\040\000o\000n\000d\000a\000\040\000d\000e\000\040\000p\000u\000l\000s\000o}{section.1}% 4
\BOOKMARK [2][-]{subsection.1.3}{\376\377\000E\000s\000t\000a\000d\000o\000\040\000d\000e\000l\000\040\000a\000r\000t\000e}{section.1}% 5
\BOOKMARK [2][-]{subsection.1.4}{\376\377\000J\000u\000s\000t\000i\000f\000i\000c\000a\000c\000i\000\363\000n\000\040\000d\000e\000l\000\040\000P\000r\000o\000y\000e\000c\000t\000o}{section.1}% 6
\BOOKMARK [1][-]{section.2}{\376\377\000O\000b\000j\000e\000t\000i\000v\000o\000s}{}% 7
\BOOKMARK [2][-]{subsection.2.1}{\376\377\000O\000b\000j\000e\000t\000i\000v\000o\000s\000\040\000d\000e\000\040\000M\000\355\000n\000i\000m\000a}{section.2}% 8
\BOOKMARK [2][-]{subsection.2.2}{\376\377\000O\000b\000j\000e\000t\000i\000v\000o\000s\000\040\000d\000e\000\040\000M\000\341\000x\000i\000m\000a}{section.2}% 9
\BOOKMARK [1][-]{section.3}{\376\377\000D\000e\000s\000c\000r\000i\000p\000c\000i\000\363\000n\000\040\000G\000e\000n\000e\000r\000a\000l\000\040\000y\000\040\000U\000s\000o\000\040\000P\000r\000e\000v\000i\000s\000t\000o}{}% 10
\BOOKMARK [1][-]{section.4}{\376\377\000M\000a\000t\000e\000r\000i\000a\000l\000e\000s\000\040\000y\000\040\000M\000\351\000t\000o\000d\000o\000s}{}% 11
\BOOKMARK [2][-]{subsection.4.1}{\376\377\000H\000a\000r\000d\000w\000a\000r\000e}{section.4}% 12
\BOOKMARK [3][-]{subsubsection.4.1.1}{\376\377\000C\000i\000r\000c\000u\000i\000t\000o\000\040\000E\000l\000e\000c\000t\000r\000\363\000n\000i\000c\000o}{subsection.4.1}% 13
\BOOKMARK [3][-]{subsubsection.4.1.2}{\376\377\000D\000i\000s\000e\000\361\000o\000\040\000y\000\040\000F\000a\000b\000r\000i\000c\000a\000c\000i\000\363\000n\000\040\000d\000e\000\040\000C\000a\000r\000c\000a\000s\000a\000\040\000y\000\040\000S\000e\000n\000s\000o\000r\000e\000s}{subsection.4.1}% 14
\BOOKMARK [2][-]{subsection.4.2}{\376\377\000S\000o\000f\000t\000w\000a\000r\000e}{section.4}% 15
\BOOKMARK [3][-]{subsubsection.4.2.1}{\376\377\000A\000d\000q\000u\000i\000s\000i\000c\000i\000\363\000n\000\040\000y\000\040\000T\000r\000a\000n\000s\000m\000i\000s\000i\000\363\000n\000\040\000d\000e\000\040\000D\000a\000t\000o\000s}{subsection.4.2}% 16
\BOOKMARK [3][-]{subsubsection.4.2.2}{\376\377\000P\000r\000e\000p\000r\000o\000c\000e\000s\000a\000m\000i\000e\000n\000t\000o}{subsection.4.2}% 17
\BOOKMARK [3][-]{subsubsection.4.2.3}{\376\377\000C\000\341\000l\000c\000u\000l\000o\000\040\000d\000e\000\040\000f\000r\000e\000c\000u\000e\000n\000c\000i\000a\000\040\000c\000a\000r\000d\000\355\000a\000c\000a}{subsection.4.2}% 18
\BOOKMARK [3][-]{subsubsection.4.2.4}{\376\377\000C\000\341\000l\000c\000u\000l\000o\000\040\000d\000e\000\040\000v\000e\000l\000o\000c\000i\000d\000a\000d\000\040\000d\000e\000\040\000o\000n\000d\000a\000\040\000d\000e\000\040\000p\000u\000l\000s\000o}{subsection.4.2}% 19
\BOOKMARK [3][-]{subsubsection.4.2.5}{\376\377\000I\000n\000t\000e\000r\000f\000a\000z\000\040\000G\000r\000\341\000f\000i\000c\000a}{subsection.4.2}% 20
\BOOKMARK [2][-]{subsection.4.3}{\376\377\000P\000r\000o\000t\000o\000c\000o\000l\000o\000\040\000d\000e\000\040\000M\000e\000d\000i\000c\000i\000\363\000n}{section.4}% 21
\BOOKMARK [2][-]{subsection.4.4}{\376\377\000V\000a\000l\000i\000d\000a\000c\000i\000\363\000n}{section.4}% 22
\BOOKMARK [3][-]{subsubsection.4.4.1}{\376\377\000V\000a\000l\000i\000d\000a\000c\000i\000\363\000n\000\040\000f\000r\000e\000n\000t\000e\000\040\000a\000\040\000v\000a\000l\000o\000r\000e\000s\000\040\000p\000o\000b\000l\000a\000c\000i\000o\000n\000a\000l\000e\000s}{subsection.4.4}% 23
\BOOKMARK [3][-]{subsubsection.4.4.2}{\376\377\000V\000a\000l\000i\000d\000a\000c\000i\000\363\000n\000\040\000f\000r\000e\000n\000t\000e\000\040\000a\000\040\000e\000q\000u\000i\000p\000o\000\040\000g\000o\000l\000d\000\040\000s\000t\000a\000n\000d\000a\000r\000d}{subsection.4.4}% 24
\BOOKMARK [1][-]{section.5}{\376\377\000R\000e\000s\000u\000l\000t\000a\000d\000o\000s}{}% 25
\BOOKMARK [1][-]{section.6}{\376\377\000D\000i\000s\000c\000u\000s\000i\000\363\000n}{}% 26
\BOOKMARK [1][-]{section.7}{\376\377\000C\000o\000n\000c\000l\000u\000s\000i\000o\000n\000e\000s}{}% 27
\BOOKMARK [1][-]{section.8}{\376\377\000B\000i\000b\000l\000i\000o\000g\000r\000a\000f\000i\000a}{}% 28
\BOOKMARK [1][-]{section*.6}{\376\377\000A\000n\000e\000x\000o\000s}{}% 29
\BOOKMARK [1][-]{appendix.Alph1}{\376\377\000M\000o\000d\000e\000l\000o\000\040\0003\000D\000\040\000d\000e\000\040\000l\000a\000\040\000c\000a\000r\000c\000a\000s\000a\000\040\000y\000\040\000s\000e\000n\000s\000o\000r\000e\000s}{}% 30
\BOOKMARK [1][-]{appendix.Alph2}{\376\377\000M\000e\000d\000i\000c\000i\000o\000n\000e\000s}{}% 31
